[Network 0 (enabled)]

    |--------|/|----------------TON--------                                                         |
    |     Td 0002             T 0000                                                                |
    |                                                                                               |
    |                                                                                               |
    |--------| |----------------TON--------                                                         |
    |     Td 0000             T 0001                                                                |
    |                                                                                               |
    |                                                                                               |
    |--------| |----------------TON--------                                                         |
    |     Td 0001             T 0002                                                                |
    |                                                                                               |
    |                                                                                               |
    |--------|/|----------------( )--------                                                         |
    |     Td 0000             Q 0.0                                                                 |
    |--------| |----------------|/|----------------( )--------                                      |
    |     Td 0000            Td 0001             Q 0.0                                              |
    |--------| |----------------|/|----------------( )--------                                      |
    |     Td 0001            Td 0002             Q 0.0                                              |
    |                                                                                               |
    |                                                                                               |


[LIGHTS] RED
[LIGHTS]
[LIGHTS] RED
[LIGHTS]
[LIGHTS] RED
